2015-04-06 02:23:59+0530 [scrapy] INFO: Scrapy 0.24.5 started (bot: scraping)
2015-04-06 02:23:59+0530 [scrapy] INFO: Optional features available: ssl, http11, django
2015-04-06 02:23:59+0530 [scrapy] INFO: Overridden settings: {'NEWSPIDER_MODULE': 'scraping.spiders', 'MAIL_FROM': 'ranvijay5686@gmail.com', 'FEED_URI': '/var/lib/scrapyd/items/scraping/rookiestewArticleUrlSpider/e1896c90dbd511e49009685d4345123a.jl', 'CONCURRENT_REQUESTS': 1, 'MAIL_USER': 'ranvijay5686@gmail.com', 'SPIDER_MODULES': ['scraping.spiders'], 'BOT_NAME': 'scraping', 'DOWNLOAD_TIMEOUT': 1200, 'MAIL_PASS': 'ranvijay9286', 'MAIL_HOST': 'smtp.gmail.com', 'MAIL_PORT': 587, 'LOG_FILE': '/var/log/scrapyd/scraping/rookiestewArticleUrlSpider/e1896c90dbd511e49009685d4345123a.log'}
2015-04-06 02:23:59+0530 [scrapy] INFO: Enabled extensions: FeedExporter, LogStats, TelnetConsole, CloseSpider, WebService, CoreStats, SpiderState
2015-04-06 02:23:59+0530 [scrapy] INFO: Enabled downloader middlewares: HttpAuthMiddleware, DownloadTimeoutMiddleware, RandomUserAgentMiddleware, RetryMiddleware, DefaultHeadersMiddleware, MetaRefreshMiddleware, HttpCompressionMiddleware, RedirectMiddleware, CookiesMiddleware, ChunkedTransferMiddleware, DownloaderStats
2015-04-06 02:23:59+0530 [scrapy] INFO: Enabled spider middlewares: HttpErrorMiddleware, OffsiteMiddleware, RefererMiddleware, UrlLengthMiddleware, DepthMiddleware
2015-04-06 02:23:59+0530 [scrapy] INFO: Enabled item pipelines: 
2015-04-06 02:23:59+0530 [rookiestewArticleUrlSpider] INFO: Spider opened
2015-04-06 02:23:59+0530 [rookiestewArticleUrlSpider] INFO: Crawled 0 pages (at 0 pages/min), scraped 0 items (at 0 items/min)
2015-04-06 02:23:59+0530 [scrapy] DEBUG: Telnet console listening on 127.0.0.1:6023
2015-04-06 02:23:59+0530 [scrapy] DEBUG: Web service listening on 127.0.0.1:6080
2015-04-06 02:23:59+0530 [rookiestewArticleUrlSpider] INFO: inside start request
2015-04-06 02:23:59+0530 [rookiestewArticleUrlSpider] INFO: Created By Ranvijay: inputCSVs:['rookiestewUrlInputPaging.csv']
2015-04-06 02:23:59+0530 [rookiestewArticleUrlSpider] INFO: Created By Ranvijay: OutputCSVs:['rookiestewUrlInputPaging.csv']
2015-04-06 02:23:59+0530 [rookiestewArticleUrlSpider] INFO: Processing Input CSV: /home/ranvijay/Downloads/newTechMonkey/scraping/scraping/spiders/input-output/rookiestewUrlInputPaging.csv
2015-04-06 02:23:59+0530 [rookiestewArticleUrlSpider] DEBUG: Redirecting (301) to <GET http://www.rookiestew.com/> from <GET http://www.rookiestew.com/page/1/>
2015-04-06 02:24:06+0530 [rookiestewArticleUrlSpider] DEBUG: Crawled (200) <GET http://www.rookiestew.com/> (referer: None)
2015-04-06 02:24:06+0530 [rookiestewArticleUrlSpider] INFO: after yield requrest
2015-04-06 02:24:06+0530 [rookiestewArticleUrlSpider] INFO: in parse response
2015-04-06 02:24:12+0530 [rookiestewArticleUrlSpider] DEBUG: Crawled (200) <GET http://www.rookiestew.com/page/2/> (referer: None)
2015-04-06 02:24:12+0530 [rookiestewArticleUrlSpider] INFO: after yield requrest
2015-04-06 02:24:12+0530 [rookiestewArticleUrlSpider] INFO: in parse response
2015-04-06 02:24:16+0530 [rookiestewArticleUrlSpider] DEBUG: Crawled (200) <GET http://www.rookiestew.com/page/3/> (referer: None)
2015-04-06 02:24:16+0530 [rookiestewArticleUrlSpider] INFO: after yield requrest
2015-04-06 02:24:16+0530 [rookiestewArticleUrlSpider] INFO: in parse response
2015-04-06 02:24:23+0530 [rookiestewArticleUrlSpider] DEBUG: Crawled (200) <GET http://www.rookiestew.com/page/4/> (referer: None)
2015-04-06 02:24:23+0530 [rookiestewArticleUrlSpider] INFO: after yield requrest
2015-04-06 02:24:23+0530 [rookiestewArticleUrlSpider] INFO: in parse response
2015-04-06 02:24:29+0530 [rookiestewArticleUrlSpider] DEBUG: Crawled (200) <GET http://www.rookiestew.com/page/5/> (referer: None)
2015-04-06 02:24:29+0530 [rookiestewArticleUrlSpider] INFO: after yield requrest
2015-04-06 02:24:29+0530 [rookiestewArticleUrlSpider] INFO: in parse response
2015-04-06 02:24:33+0530 [rookiestewArticleUrlSpider] DEBUG: Crawled (200) <GET http://www.rookiestew.com/page/6/> (referer: None)
2015-04-06 02:24:33+0530 [rookiestewArticleUrlSpider] INFO: after yield requrest
2015-04-06 02:24:33+0530 [rookiestewArticleUrlSpider] INFO: in parse response
2015-04-06 02:24:40+0530 [rookiestewArticleUrlSpider] DEBUG: Crawled (200) <GET http://www.rookiestew.com/page/7/> (referer: None)
2015-04-06 02:24:40+0530 [rookiestewArticleUrlSpider] INFO: after yield requrest
2015-04-06 02:24:40+0530 [rookiestewArticleUrlSpider] INFO: in parse response
2015-04-06 02:24:44+0530 [rookiestewArticleUrlSpider] DEBUG: Crawled (200) <GET http://www.rookiestew.com/page/8/> (referer: None)
2015-04-06 02:24:44+0530 [rookiestewArticleUrlSpider] INFO: after yield requrest
2015-04-06 02:24:44+0530 [rookiestewArticleUrlSpider] INFO: in parse response
2015-04-06 02:24:50+0530 [rookiestewArticleUrlSpider] DEBUG: Crawled (200) <GET http://www.rookiestew.com/page/9/> (referer: None)
2015-04-06 02:24:50+0530 [rookiestewArticleUrlSpider] INFO: after yield requrest
2015-04-06 02:24:50+0530 [rookiestewArticleUrlSpider] INFO: in parse response
2015-04-06 02:24:56+0530 [rookiestewArticleUrlSpider] DEBUG: Crawled (200) <GET http://www.rookiestew.com/page/10/> (referer: None)
2015-04-06 02:24:56+0530 [rookiestewArticleUrlSpider] INFO: after yield requrest
2015-04-06 02:24:56+0530 [rookiestewArticleUrlSpider] INFO: in parse response
2015-04-06 02:24:59+0530 [rookiestewArticleUrlSpider] INFO: Crawled 10 pages (at 10 pages/min), scraped 0 items (at 0 items/min)
2015-04-06 02:25:03+0530 [rookiestewArticleUrlSpider] DEBUG: Crawled (200) <GET http://www.rookiestew.com/page/11/> (referer: None)
2015-04-06 02:25:03+0530 [rookiestewArticleUrlSpider] INFO: after yield requrest
2015-04-06 02:25:03+0530 [rookiestewArticleUrlSpider] INFO: in parse response
2015-04-06 02:25:10+0530 [rookiestewArticleUrlSpider] DEBUG: Crawled (200) <GET http://www.rookiestew.com/page/12/> (referer: None)
2015-04-06 02:25:10+0530 [rookiestewArticleUrlSpider] INFO: after yield requrest
2015-04-06 02:25:10+0530 [rookiestewArticleUrlSpider] INFO: in parse response
2015-04-06 02:25:17+0530 [rookiestewArticleUrlSpider] DEBUG: Crawled (200) <GET http://www.rookiestew.com/page/13/> (referer: None)
2015-04-06 02:25:17+0530 [rookiestewArticleUrlSpider] INFO: after yield requrest
2015-04-06 02:25:17+0530 [rookiestewArticleUrlSpider] INFO: in parse response
2015-04-06 02:25:23+0530 [rookiestewArticleUrlSpider] DEBUG: Crawled (200) <GET http://www.rookiestew.com/page/14/> (referer: None)
2015-04-06 02:25:23+0530 [rookiestewArticleUrlSpider] INFO: after yield requrest
2015-04-06 02:25:23+0530 [rookiestewArticleUrlSpider] INFO: in parse response
2015-04-06 02:25:30+0530 [rookiestewArticleUrlSpider] DEBUG: Crawled (200) <GET http://www.rookiestew.com/page/15/> (referer: None)
2015-04-06 02:25:30+0530 [rookiestewArticleUrlSpider] INFO: after yield requrest
2015-04-06 02:25:30+0530 [rookiestewArticleUrlSpider] INFO: in parse response
2015-04-06 02:25:37+0530 [rookiestewArticleUrlSpider] DEBUG: Crawled (200) <GET http://www.rookiestew.com/page/16/> (referer: None)
2015-04-06 02:25:37+0530 [rookiestewArticleUrlSpider] INFO: after yield requrest
2015-04-06 02:25:37+0530 [rookiestewArticleUrlSpider] INFO: in parse response
2015-04-06 02:25:43+0530 [rookiestewArticleUrlSpider] DEBUG: Crawled (200) <GET http://www.rookiestew.com/page/17/> (referer: None)
2015-04-06 02:25:43+0530 [rookiestewArticleUrlSpider] INFO: after yield requrest
2015-04-06 02:25:43+0530 [rookiestewArticleUrlSpider] INFO: in parse response
2015-04-06 02:25:49+0530 [rookiestewArticleUrlSpider] DEBUG: Crawled (200) <GET http://www.rookiestew.com/page/18/> (referer: None)
2015-04-06 02:25:49+0530 [rookiestewArticleUrlSpider] INFO: after yield requrest
2015-04-06 02:25:49+0530 [rookiestewArticleUrlSpider] INFO: in parse response
2015-04-06 02:25:53+0530 [rookiestewArticleUrlSpider] DEBUG: Crawled (200) <GET http://www.rookiestew.com/page/19/> (referer: None)
2015-04-06 02:25:53+0530 [rookiestewArticleUrlSpider] INFO: after yield requrest
2015-04-06 02:25:53+0530 [rookiestewArticleUrlSpider] INFO: in parse response
2015-04-06 02:25:59+0530 [rookiestewArticleUrlSpider] INFO: Crawled 19 pages (at 9 pages/min), scraped 0 items (at 0 items/min)
2015-04-06 02:26:00+0530 [rookiestewArticleUrlSpider] DEBUG: Crawled (200) <GET http://www.rookiestew.com/page/20/> (referer: None)
2015-04-06 02:26:00+0530 [rookiestewArticleUrlSpider] INFO: after yield requrest
2015-04-06 02:26:00+0530 [rookiestewArticleUrlSpider] INFO: in parse response
2015-04-06 02:26:06+0530 [rookiestewArticleUrlSpider] DEBUG: Crawled (200) <GET http://www.rookiestew.com/page/21/> (referer: None)
2015-04-06 02:26:06+0530 [rookiestewArticleUrlSpider] INFO: after yield requrest
2015-04-06 02:26:06+0530 [rookiestewArticleUrlSpider] INFO: in parse response
2015-04-06 02:26:13+0530 [rookiestewArticleUrlSpider] DEBUG: Crawled (200) <GET http://www.rookiestew.com/page/22/> (referer: None)
2015-04-06 02:26:13+0530 [rookiestewArticleUrlSpider] INFO: after yield requrest
2015-04-06 02:26:13+0530 [rookiestewArticleUrlSpider] INFO: in parse response
2015-04-06 02:26:20+0530 [rookiestewArticleUrlSpider] DEBUG: Crawled (200) <GET http://www.rookiestew.com/page/23/> (referer: None)
2015-04-06 02:26:20+0530 [rookiestewArticleUrlSpider] INFO: after yield requrest
2015-04-06 02:26:20+0530 [rookiestewArticleUrlSpider] INFO: in parse response
2015-04-06 02:26:26+0530 [rookiestewArticleUrlSpider] DEBUG: Crawled (200) <GET http://www.rookiestew.com/page/24/> (referer: None)
2015-04-06 02:26:26+0530 [rookiestewArticleUrlSpider] INFO: after yield requrest
2015-04-06 02:26:26+0530 [rookiestewArticleUrlSpider] INFO: in parse response
2015-04-06 02:26:34+0530 [rookiestewArticleUrlSpider] DEBUG: Crawled (200) <GET http://www.rookiestew.com/page/25/> (referer: None)
2015-04-06 02:26:34+0530 [rookiestewArticleUrlSpider] INFO: after yield requrest
2015-04-06 02:26:34+0530 [rookiestewArticleUrlSpider] INFO: in parse response
2015-04-06 02:26:41+0530 [rookiestewArticleUrlSpider] DEBUG: Crawled (200) <GET http://www.rookiestew.com/page/26/> (referer: None)
2015-04-06 02:26:41+0530 [rookiestewArticleUrlSpider] INFO: after yield requrest
2015-04-06 02:26:41+0530 [rookiestewArticleUrlSpider] INFO: in parse response
2015-04-06 02:26:45+0530 [rookiestewArticleUrlSpider] DEBUG: Crawled (200) <GET http://www.rookiestew.com/page/27/> (referer: None)
2015-04-06 02:26:45+0530 [rookiestewArticleUrlSpider] INFO: after yield requrest
2015-04-06 02:26:45+0530 [rookiestewArticleUrlSpider] INFO: in parse response
2015-04-06 02:26:51+0530 [rookiestewArticleUrlSpider] DEBUG: Crawled (200) <GET http://www.rookiestew.com/page/28/> (referer: None)
2015-04-06 02:26:51+0530 [rookiestewArticleUrlSpider] INFO: after yield requrest
2015-04-06 02:26:51+0530 [rookiestewArticleUrlSpider] INFO: in parse response
2015-04-06 02:26:58+0530 [rookiestewArticleUrlSpider] DEBUG: Crawled (200) <GET http://www.rookiestew.com/page/29/> (referer: None)
2015-04-06 02:26:58+0530 [rookiestewArticleUrlSpider] INFO: after yield requrest
2015-04-06 02:26:58+0530 [rookiestewArticleUrlSpider] INFO: in parse response
2015-04-06 02:26:59+0530 [rookiestewArticleUrlSpider] INFO: Crawled 29 pages (at 10 pages/min), scraped 0 items (at 0 items/min)
2015-04-06 02:27:05+0530 [rookiestewArticleUrlSpider] DEBUG: Crawled (200) <GET http://www.rookiestew.com/page/30/> (referer: None)
2015-04-06 02:27:05+0530 [rookiestewArticleUrlSpider] INFO: after yield requrest
2015-04-06 02:27:05+0530 [rookiestewArticleUrlSpider] INFO: in parse response
2015-04-06 02:27:12+0530 [rookiestewArticleUrlSpider] DEBUG: Crawled (200) <GET http://www.rookiestew.com/page/31/> (referer: None)
2015-04-06 02:27:12+0530 [rookiestewArticleUrlSpider] INFO: after yield requrest
2015-04-06 02:27:12+0530 [rookiestewArticleUrlSpider] INFO: in parse response
2015-04-06 02:27:19+0530 [rookiestewArticleUrlSpider] DEBUG: Crawled (200) <GET http://www.rookiestew.com/page/32/> (referer: None)
2015-04-06 02:27:19+0530 [rookiestewArticleUrlSpider] INFO: after yield requrest
2015-04-06 02:27:19+0530 [rookiestewArticleUrlSpider] INFO: in parse response
2015-04-06 02:27:27+0530 [rookiestewArticleUrlSpider] DEBUG: Crawled (200) <GET http://www.rookiestew.com/page/33/> (referer: None)
2015-04-06 02:27:27+0530 [rookiestewArticleUrlSpider] INFO: after yield requrest
2015-04-06 02:27:27+0530 [rookiestewArticleUrlSpider] INFO: in parse response
2015-04-06 02:27:31+0530 [rookiestewArticleUrlSpider] DEBUG: Crawled (200) <GET http://www.rookiestew.com/page/34/> (referer: None)
2015-04-06 02:27:31+0530 [rookiestewArticleUrlSpider] INFO: after yield requrest
2015-04-06 02:27:31+0530 [rookiestewArticleUrlSpider] INFO: in parse response
2015-04-06 02:27:37+0530 [rookiestewArticleUrlSpider] DEBUG: Crawled (200) <GET http://www.rookiestew.com/page/35/> (referer: None)
2015-04-06 02:27:37+0530 [rookiestewArticleUrlSpider] INFO: after yield requrest
2015-04-06 02:27:37+0530 [rookiestewArticleUrlSpider] INFO: in parse response
2015-04-06 02:27:41+0530 [rookiestewArticleUrlSpider] DEBUG: Crawled (200) <GET http://www.rookiestew.com/page/36/> (referer: None)
2015-04-06 02:27:41+0530 [rookiestewArticleUrlSpider] INFO: after yield requrest
2015-04-06 02:27:41+0530 [rookiestewArticleUrlSpider] INFO: in parse response
2015-04-06 02:27:47+0530 [rookiestewArticleUrlSpider] DEBUG: Crawled (200) <GET http://www.rookiestew.com/page/37/> (referer: None)
2015-04-06 02:27:47+0530 [rookiestewArticleUrlSpider] INFO: after yield requrest
2015-04-06 02:27:47+0530 [rookiestewArticleUrlSpider] INFO: in parse response
2015-04-06 02:27:54+0530 [rookiestewArticleUrlSpider] DEBUG: Crawled (200) <GET http://www.rookiestew.com/page/38/> (referer: None)
2015-04-06 02:27:54+0530 [rookiestewArticleUrlSpider] INFO: after yield requrest
2015-04-06 02:27:54+0530 [rookiestewArticleUrlSpider] INFO: in parse response
2015-04-06 02:27:59+0530 [rookiestewArticleUrlSpider] INFO: Crawled 38 pages (at 9 pages/min), scraped 0 items (at 0 items/min)
2015-04-06 02:28:00+0530 [rookiestewArticleUrlSpider] DEBUG: Crawled (200) <GET http://www.rookiestew.com/page/39/> (referer: None)
2015-04-06 02:28:00+0530 [rookiestewArticleUrlSpider] INFO: after yield requrest
2015-04-06 02:28:00+0530 [rookiestewArticleUrlSpider] INFO: in parse response
2015-04-06 02:28:06+0530 [rookiestewArticleUrlSpider] DEBUG: Crawled (200) <GET http://www.rookiestew.com/page/40/> (referer: None)
2015-04-06 02:28:06+0530 [rookiestewArticleUrlSpider] INFO: after yield requrest
2015-04-06 02:28:06+0530 [rookiestewArticleUrlSpider] INFO: in parse response
2015-04-06 02:28:11+0530 [rookiestewArticleUrlSpider] DEBUG: Crawled (200) <GET http://www.rookiestew.com/page/41/> (referer: None)
2015-04-06 02:28:11+0530 [rookiestewArticleUrlSpider] INFO: after yield requrest
2015-04-06 02:28:11+0530 [rookiestewArticleUrlSpider] INFO: in parse response
2015-04-06 02:28:18+0530 [rookiestewArticleUrlSpider] DEBUG: Crawled (200) <GET http://www.rookiestew.com/page/42/> (referer: None)
2015-04-06 02:28:18+0530 [rookiestewArticleUrlSpider] INFO: after yield requrest
2015-04-06 02:28:18+0530 [rookiestewArticleUrlSpider] INFO: in parse response
2015-04-06 02:28:23+0530 [rookiestewArticleUrlSpider] DEBUG: Crawled (200) <GET http://www.rookiestew.com/page/43/> (referer: None)
2015-04-06 02:28:23+0530 [rookiestewArticleUrlSpider] INFO: after yield requrest
2015-04-06 02:28:23+0530 [rookiestewArticleUrlSpider] INFO: in parse response
2015-04-06 02:28:29+0530 [rookiestewArticleUrlSpider] DEBUG: Crawled (200) <GET http://www.rookiestew.com/page/44/> (referer: None)
2015-04-06 02:28:29+0530 [rookiestewArticleUrlSpider] INFO: after yield requrest
2015-04-06 02:28:29+0530 [rookiestewArticleUrlSpider] INFO: in parse response
2015-04-06 02:28:34+0530 [rookiestewArticleUrlSpider] DEBUG: Crawled (200) <GET http://www.rookiestew.com/page/45/> (referer: None)
2015-04-06 02:28:34+0530 [rookiestewArticleUrlSpider] INFO: after yield requrest
2015-04-06 02:28:34+0530 [rookiestewArticleUrlSpider] INFO: in parse response
2015-04-06 02:28:40+0530 [rookiestewArticleUrlSpider] DEBUG: Crawled (200) <GET http://www.rookiestew.com/page/46/> (referer: None)
2015-04-06 02:28:40+0530 [rookiestewArticleUrlSpider] INFO: after yield requrest
2015-04-06 02:28:40+0530 [rookiestewArticleUrlSpider] INFO: in parse response
2015-04-06 02:28:46+0530 [rookiestewArticleUrlSpider] DEBUG: Crawled (200) <GET http://www.rookiestew.com/page/47/> (referer: None)
2015-04-06 02:28:46+0530 [rookiestewArticleUrlSpider] INFO: after yield requrest
2015-04-06 02:28:46+0530 [rookiestewArticleUrlSpider] INFO: in parse response
2015-04-06 02:28:53+0530 [rookiestewArticleUrlSpider] DEBUG: Crawled (200) <GET http://www.rookiestew.com/page/48/> (referer: None)
2015-04-06 02:28:53+0530 [rookiestewArticleUrlSpider] INFO: after yield requrest
2015-04-06 02:28:53+0530 [rookiestewArticleUrlSpider] INFO: in parse response
2015-04-06 02:28:58+0530 [rookiestewArticleUrlSpider] DEBUG: Crawled (200) <GET http://www.rookiestew.com/page/49/> (referer: None)
2015-04-06 02:28:58+0530 [rookiestewArticleUrlSpider] INFO: after yield requrest
2015-04-06 02:28:58+0530 [rookiestewArticleUrlSpider] INFO: in parse response
2015-04-06 02:28:59+0530 [rookiestewArticleUrlSpider] INFO: Crawled 49 pages (at 11 pages/min), scraped 0 items (at 0 items/min)
2015-04-06 02:29:04+0530 [rookiestewArticleUrlSpider] DEBUG: Crawled (200) <GET http://www.rookiestew.com/page/50/> (referer: None)
2015-04-06 02:29:04+0530 [rookiestewArticleUrlSpider] INFO: after yield requrest
2015-04-06 02:29:04+0530 [rookiestewArticleUrlSpider] INFO: in parse response
2015-04-06 02:29:11+0530 [rookiestewArticleUrlSpider] DEBUG: Crawled (200) <GET http://www.rookiestew.com/page/51/> (referer: None)
2015-04-06 02:29:11+0530 [rookiestewArticleUrlSpider] INFO: after yield requrest
2015-04-06 02:29:11+0530 [rookiestewArticleUrlSpider] INFO: in parse response
2015-04-06 02:29:16+0530 [rookiestewArticleUrlSpider] DEBUG: Crawled (200) <GET http://www.rookiestew.com/page/52/> (referer: None)
2015-04-06 02:29:16+0530 [rookiestewArticleUrlSpider] INFO: after yield requrest
2015-04-06 02:29:16+0530 [rookiestewArticleUrlSpider] INFO: in parse response
2015-04-06 02:29:20+0530 [rookiestewArticleUrlSpider] DEBUG: Crawled (200) <GET http://www.rookiestew.com/page/53/> (referer: None)
2015-04-06 02:29:20+0530 [rookiestewArticleUrlSpider] INFO: after yield requrest
2015-04-06 02:29:20+0530 [rookiestewArticleUrlSpider] INFO: in parse response
2015-04-06 02:29:27+0530 [rookiestewArticleUrlSpider] DEBUG: Crawled (200) <GET http://www.rookiestew.com/page/54/> (referer: None)
2015-04-06 02:29:27+0530 [rookiestewArticleUrlSpider] INFO: after yield requrest
2015-04-06 02:29:27+0530 [rookiestewArticleUrlSpider] INFO: in parse response
2015-04-06 02:29:34+0530 [rookiestewArticleUrlSpider] DEBUG: Crawled (200) <GET http://www.rookiestew.com/page/55/> (referer: None)
2015-04-06 02:29:34+0530 [rookiestewArticleUrlSpider] INFO: after yield requrest
2015-04-06 02:29:34+0530 [rookiestewArticleUrlSpider] INFO: in parse response
2015-04-06 02:29:39+0530 [rookiestewArticleUrlSpider] DEBUG: Crawled (200) <GET http://www.rookiestew.com/page/56/> (referer: None)
2015-04-06 02:29:39+0530 [rookiestewArticleUrlSpider] INFO: after yield requrest
2015-04-06 02:29:39+0530 [rookiestewArticleUrlSpider] INFO: in parse response
2015-04-06 02:29:45+0530 [rookiestewArticleUrlSpider] DEBUG: Crawled (200) <GET http://www.rookiestew.com/page/57/> (referer: None)
2015-04-06 02:29:45+0530 [rookiestewArticleUrlSpider] INFO: after yield requrest
2015-04-06 02:29:45+0530 [rookiestewArticleUrlSpider] INFO: in parse response
2015-04-06 02:29:48+0530 [rookiestewArticleUrlSpider] DEBUG: Crawled (200) <GET http://www.rookiestew.com/page/58/> (referer: None)
2015-04-06 02:29:48+0530 [rookiestewArticleUrlSpider] INFO: after yield requrest
2015-04-06 02:29:48+0530 [rookiestewArticleUrlSpider] INFO: in parse response
2015-04-06 02:29:54+0530 [rookiestewArticleUrlSpider] DEBUG: Crawled (200) <GET http://www.rookiestew.com/page/59/> (referer: None)
2015-04-06 02:29:54+0530 [rookiestewArticleUrlSpider] INFO: after yield requrest
2015-04-06 02:29:54+0530 [rookiestewArticleUrlSpider] INFO: in parse response
2015-04-06 02:29:59+0530 [rookiestewArticleUrlSpider] INFO: Crawled 59 pages (at 10 pages/min), scraped 0 items (at 0 items/min)
2015-04-06 02:30:01+0530 [rookiestewArticleUrlSpider] DEBUG: Crawled (200) <GET http://www.rookiestew.com/page/60/> (referer: None)
2015-04-06 02:30:01+0530 [rookiestewArticleUrlSpider] INFO: after yield requrest
2015-04-06 02:30:01+0530 [rookiestewArticleUrlSpider] INFO: in parse response
2015-04-06 02:30:07+0530 [rookiestewArticleUrlSpider] DEBUG: Crawled (200) <GET http://www.rookiestew.com/page/61/> (referer: None)
2015-04-06 02:30:07+0530 [rookiestewArticleUrlSpider] INFO: after yield requrest
2015-04-06 02:30:07+0530 [rookiestewArticleUrlSpider] INFO: in parse response
2015-04-06 02:30:15+0530 [rookiestewArticleUrlSpider] DEBUG: Crawled (200) <GET http://www.rookiestew.com/page/62/> (referer: None)
2015-04-06 02:30:15+0530 [rookiestewArticleUrlSpider] INFO: after yield requrest
2015-04-06 02:30:15+0530 [rookiestewArticleUrlSpider] INFO: in parse response
2015-04-06 02:30:21+0530 [rookiestewArticleUrlSpider] DEBUG: Crawled (200) <GET http://www.rookiestew.com/page/63/> (referer: None)
2015-04-06 02:30:21+0530 [rookiestewArticleUrlSpider] INFO: after yield requrest
2015-04-06 02:30:21+0530 [rookiestewArticleUrlSpider] INFO: in parse response
2015-04-06 02:30:28+0530 [rookiestewArticleUrlSpider] DEBUG: Crawled (200) <GET http://www.rookiestew.com/page/64/> (referer: None)
2015-04-06 02:30:28+0530 [rookiestewArticleUrlSpider] INFO: after yield requrest
2015-04-06 02:30:28+0530 [rookiestewArticleUrlSpider] INFO: in parse response
2015-04-06 02:30:32+0530 [rookiestewArticleUrlSpider] DEBUG: Crawled (200) <GET http://www.rookiestew.com/page/65/> (referer: None)
2015-04-06 02:30:32+0530 [rookiestewArticleUrlSpider] INFO: after yield requrest
2015-04-06 02:30:32+0530 [rookiestewArticleUrlSpider] INFO: in parse response
2015-04-06 02:30:40+0530 [rookiestewArticleUrlSpider] DEBUG: Crawled (200) <GET http://www.rookiestew.com/page/66/> (referer: None)
2015-04-06 02:30:40+0530 [rookiestewArticleUrlSpider] INFO: after yield requrest
2015-04-06 02:30:40+0530 [rookiestewArticleUrlSpider] INFO: in parse response
2015-04-06 02:30:45+0530 [rookiestewArticleUrlSpider] DEBUG: Crawled (200) <GET http://www.rookiestew.com/page/67/> (referer: None)
2015-04-06 02:30:45+0530 [rookiestewArticleUrlSpider] INFO: after yield requrest
2015-04-06 02:30:45+0530 [rookiestewArticleUrlSpider] INFO: in parse response
2015-04-06 02:30:52+0530 [rookiestewArticleUrlSpider] DEBUG: Crawled (200) <GET http://www.rookiestew.com/page/68/> (referer: None)
2015-04-06 02:30:52+0530 [rookiestewArticleUrlSpider] INFO: after yield requrest
2015-04-06 02:30:52+0530 [rookiestewArticleUrlSpider] INFO: in parse response
2015-04-06 02:30:59+0530 [rookiestewArticleUrlSpider] INFO: Crawled 68 pages (at 9 pages/min), scraped 0 items (at 0 items/min)
2015-04-06 02:30:59+0530 [rookiestewArticleUrlSpider] DEBUG: Crawled (200) <GET http://www.rookiestew.com/page/69/> (referer: None)
2015-04-06 02:30:59+0530 [rookiestewArticleUrlSpider] INFO: after yield requrest
2015-04-06 02:30:59+0530 [rookiestewArticleUrlSpider] INFO: in parse response
2015-04-06 02:31:05+0530 [rookiestewArticleUrlSpider] DEBUG: Crawled (200) <GET http://www.rookiestew.com/page/70/> (referer: None)
2015-04-06 02:31:05+0530 [rookiestewArticleUrlSpider] INFO: after yield requrest
2015-04-06 02:31:05+0530 [rookiestewArticleUrlSpider] INFO: in parse response
2015-04-06 02:31:12+0530 [rookiestewArticleUrlSpider] DEBUG: Crawled (200) <GET http://www.rookiestew.com/page/71/> (referer: None)
2015-04-06 02:31:12+0530 [rookiestewArticleUrlSpider] INFO: after yield requrest
2015-04-06 02:31:12+0530 [rookiestewArticleUrlSpider] INFO: in parse response
2015-04-06 02:31:16+0530 [rookiestewArticleUrlSpider] DEBUG: Crawled (200) <GET http://www.rookiestew.com/page/72/> (referer: None)
2015-04-06 02:31:16+0530 [rookiestewArticleUrlSpider] INFO: after yield requrest
2015-04-06 02:31:16+0530 [rookiestewArticleUrlSpider] INFO: in parse response
2015-04-06 02:31:22+0530 [rookiestewArticleUrlSpider] DEBUG: Crawled (200) <GET http://www.rookiestew.com/page/73/> (referer: None)
2015-04-06 02:31:22+0530 [rookiestewArticleUrlSpider] INFO: after yield requrest
2015-04-06 02:31:22+0530 [rookiestewArticleUrlSpider] INFO: in parse response
2015-04-06 02:31:28+0530 [rookiestewArticleUrlSpider] DEBUG: Crawled (200) <GET http://www.rookiestew.com/page/74/> (referer: None)
2015-04-06 02:31:28+0530 [rookiestewArticleUrlSpider] INFO: after yield requrest
2015-04-06 02:31:28+0530 [rookiestewArticleUrlSpider] INFO: in parse response
2015-04-06 02:31:33+0530 [rookiestewArticleUrlSpider] DEBUG: Crawled (200) <GET http://www.rookiestew.com/page/75/> (referer: None)
2015-04-06 02:31:33+0530 [rookiestewArticleUrlSpider] INFO: after yield requrest
2015-04-06 02:31:33+0530 [rookiestewArticleUrlSpider] INFO: in parse response
2015-04-06 02:31:38+0530 [rookiestewArticleUrlSpider] DEBUG: Crawled (200) <GET http://www.rookiestew.com/page/76/> (referer: None)
2015-04-06 02:31:38+0530 [rookiestewArticleUrlSpider] INFO: after yield requrest
2015-04-06 02:31:38+0530 [rookiestewArticleUrlSpider] INFO: in parse response
2015-04-06 02:31:44+0530 [rookiestewArticleUrlSpider] DEBUG: Crawled (200) <GET http://www.rookiestew.com/page/77/> (referer: None)
2015-04-06 02:31:44+0530 [rookiestewArticleUrlSpider] INFO: after yield requrest
2015-04-06 02:31:44+0530 [rookiestewArticleUrlSpider] INFO: in parse response
2015-04-06 02:31:52+0530 [rookiestewArticleUrlSpider] DEBUG: Crawled (200) <GET http://www.rookiestew.com/page/78/> (referer: None)
2015-04-06 02:31:52+0530 [rookiestewArticleUrlSpider] INFO: after yield requrest
2015-04-06 02:31:52+0530 [rookiestewArticleUrlSpider] INFO: in parse response
2015-04-06 02:31:57+0530 [rookiestewArticleUrlSpider] DEBUG: Crawled (200) <GET http://www.rookiestew.com/page/79/> (referer: None)
2015-04-06 02:31:57+0530 [rookiestewArticleUrlSpider] INFO: after yield requrest
2015-04-06 02:31:57+0530 [rookiestewArticleUrlSpider] INFO: in parse response
2015-04-06 02:31:59+0530 [rookiestewArticleUrlSpider] INFO: Crawled 79 pages (at 11 pages/min), scraped 0 items (at 0 items/min)
2015-04-06 02:32:02+0530 [rookiestewArticleUrlSpider] DEBUG: Crawled (200) <GET http://www.rookiestew.com/page/80/> (referer: None)
2015-04-06 02:32:02+0530 [rookiestewArticleUrlSpider] INFO: after yield requrest
2015-04-06 02:32:02+0530 [rookiestewArticleUrlSpider] INFO: in parse response
2015-04-06 02:32:08+0530 [rookiestewArticleUrlSpider] DEBUG: Crawled (200) <GET http://www.rookiestew.com/page/81/> (referer: None)
2015-04-06 02:32:08+0530 [rookiestewArticleUrlSpider] INFO: after yield requrest
2015-04-06 02:32:08+0530 [rookiestewArticleUrlSpider] INFO: in parse response
2015-04-06 02:32:14+0530 [rookiestewArticleUrlSpider] DEBUG: Crawled (200) <GET http://www.rookiestew.com/page/82/> (referer: None)
2015-04-06 02:32:14+0530 [rookiestewArticleUrlSpider] INFO: after yield requrest
2015-04-06 02:32:14+0530 [rookiestewArticleUrlSpider] INFO: in parse response
2015-04-06 02:32:20+0530 [rookiestewArticleUrlSpider] DEBUG: Crawled (200) <GET http://www.rookiestew.com/page/83/> (referer: None)
2015-04-06 02:32:20+0530 [rookiestewArticleUrlSpider] INFO: after yield requrest
2015-04-06 02:32:20+0530 [rookiestewArticleUrlSpider] INFO: in parse response
2015-04-06 02:32:26+0530 [rookiestewArticleUrlSpider] DEBUG: Crawled (200) <GET http://www.rookiestew.com/page/84/> (referer: None)
2015-04-06 02:32:26+0530 [rookiestewArticleUrlSpider] INFO: after yield requrest
2015-04-06 02:32:26+0530 [rookiestewArticleUrlSpider] INFO: in parse response
2015-04-06 02:32:32+0530 [rookiestewArticleUrlSpider] DEBUG: Crawled (200) <GET http://www.rookiestew.com/page/85/> (referer: None)
2015-04-06 02:32:32+0530 [rookiestewArticleUrlSpider] INFO: after yield requrest
2015-04-06 02:32:32+0530 [rookiestewArticleUrlSpider] INFO: in parse response
2015-04-06 02:32:39+0530 [rookiestewArticleUrlSpider] DEBUG: Crawled (200) <GET http://www.rookiestew.com/page/86/> (referer: None)
2015-04-06 02:32:39+0530 [rookiestewArticleUrlSpider] INFO: after yield requrest
2015-04-06 02:32:39+0530 [rookiestewArticleUrlSpider] INFO: in parse response
2015-04-06 02:32:45+0530 [rookiestewArticleUrlSpider] DEBUG: Crawled (200) <GET http://www.rookiestew.com/page/87/> (referer: None)
2015-04-06 02:32:45+0530 [rookiestewArticleUrlSpider] INFO: after yield requrest
2015-04-06 02:32:45+0530 [rookiestewArticleUrlSpider] INFO: in parse response
2015-04-06 02:32:52+0530 [rookiestewArticleUrlSpider] DEBUG: Crawled (200) <GET http://www.rookiestew.com/page/88/> (referer: None)
2015-04-06 02:32:52+0530 [rookiestewArticleUrlSpider] INFO: after yield requrest
2015-04-06 02:32:52+0530 [rookiestewArticleUrlSpider] INFO: in parse response
2015-04-06 02:32:59+0530 [rookiestewArticleUrlSpider] INFO: Crawled 88 pages (at 9 pages/min), scraped 0 items (at 0 items/min)
2015-04-06 02:33:00+0530 [rookiestewArticleUrlSpider] DEBUG: Crawled (200) <GET http://www.rookiestew.com/page/89/> (referer: None)
2015-04-06 02:33:00+0530 [rookiestewArticleUrlSpider] INFO: after yield requrest
2015-04-06 02:33:00+0530 [rookiestewArticleUrlSpider] INFO: in parse response
2015-04-06 02:33:06+0530 [rookiestewArticleUrlSpider] DEBUG: Crawled (200) <GET http://www.rookiestew.com/page/90/> (referer: None)
2015-04-06 02:33:06+0530 [rookiestewArticleUrlSpider] INFO: after yield requrest
2015-04-06 02:33:06+0530 [rookiestewArticleUrlSpider] INFO: in parse response
2015-04-06 02:33:13+0530 [rookiestewArticleUrlSpider] DEBUG: Crawled (200) <GET http://www.rookiestew.com/page/91/> (referer: None)
2015-04-06 02:33:13+0530 [rookiestewArticleUrlSpider] INFO: after yield requrest
2015-04-06 02:33:13+0530 [rookiestewArticleUrlSpider] INFO: in parse response
2015-04-06 02:33:19+0530 [rookiestewArticleUrlSpider] DEBUG: Crawled (200) <GET http://www.rookiestew.com/page/92/> (referer: None)
2015-04-06 02:33:19+0530 [rookiestewArticleUrlSpider] INFO: after yield requrest
2015-04-06 02:33:19+0530 [rookiestewArticleUrlSpider] INFO: in parse response
2015-04-06 02:33:25+0530 [rookiestewArticleUrlSpider] DEBUG: Crawled (200) <GET http://www.rookiestew.com/page/93/> (referer: None)
2015-04-06 02:33:25+0530 [rookiestewArticleUrlSpider] INFO: after yield requrest
2015-04-06 02:33:25+0530 [rookiestewArticleUrlSpider] INFO: in parse response
2015-04-06 02:33:31+0530 [rookiestewArticleUrlSpider] DEBUG: Crawled (200) <GET http://www.rookiestew.com/page/94/> (referer: None)
2015-04-06 02:33:31+0530 [rookiestewArticleUrlSpider] INFO: after yield requrest
2015-04-06 02:33:31+0530 [rookiestewArticleUrlSpider] INFO: in parse response
2015-04-06 02:33:39+0530 [rookiestewArticleUrlSpider] DEBUG: Crawled (200) <GET http://www.rookiestew.com/page/95/> (referer: None)
2015-04-06 02:33:39+0530 [rookiestewArticleUrlSpider] INFO: after yield requrest
2015-04-06 02:33:39+0530 [rookiestewArticleUrlSpider] INFO: in parse response
2015-04-06 02:33:45+0530 [rookiestewArticleUrlSpider] DEBUG: Crawled (200) <GET http://www.rookiestew.com/page/96/> (referer: None)
2015-04-06 02:33:45+0530 [rookiestewArticleUrlSpider] INFO: after yield requrest
2015-04-06 02:33:45+0530 [rookiestewArticleUrlSpider] INFO: in parse response
2015-04-06 02:33:45+0530 [rookiestewArticleUrlSpider] INFO: Closing spider (finished)
2015-04-06 02:33:45+0530 [rookiestewArticleUrlSpider] INFO: Dumping Scrapy stats:
	{'downloader/request_bytes': 27304,
	 'downloader/request_count': 97,
	 'downloader/request_method_count/GET': 97,
	 'downloader/response_bytes': 1384541,
	 'downloader/response_count': 97,
	 'downloader/response_status_count/200': 96,
	 'downloader/response_status_count/301': 1,
	 'finish_reason': 'finished',
	 'finish_time': datetime.datetime(2015, 4, 5, 21, 3, 45, 202955),
	 'log_count/DEBUG': 99,
	 'log_count/INFO': 212,
	 'response_received_count': 96,
	 'scheduler/dequeued': 97,
	 'scheduler/dequeued/memory': 97,
	 'scheduler/enqueued': 97,
	 'scheduler/enqueued/memory': 97,
	 'start_time': datetime.datetime(2015, 4, 5, 20, 53, 59, 200248)}
2015-04-06 02:33:45+0530 [rookiestewArticleUrlSpider] INFO: Spider closed (finished)
2015-04-06 02:33:50+0530 [scrapy] INFO: Mail sent OK: To=['ranvijay5686@gmail.com'] Cc=['ranvijay5686@gmail.com'] Subject="rookiestewArticleUrlSpider: processing complete" Attachs=0
